<?xml version="1.0" encoding="UTF-8"?>
<!-- Generated by org.testng.reporters.JUnitXMLReporter -->
<testsuite ignored="0" hostname="LAPTOP-GCMTO7F8" failures="1" tests="2" name="ChromeTest" time="27.998" errors="0" timestamp="2024-02-20T22:41:17 IST">
  <testcase classname="qaTest.NewTest" name="SampleMethodForEntringCredential" time="5.935">
    <skipped/>
  </testcase> <!-- SampleMethodForEntringCredential -->
  <testcase classname="qaTest.NewTest" name="SampleMethodForEntringCredential" time="5.548">
    <failure type="java.lang.NullPointerException" message="Cannot invoke &amp;quot;org.json.simple.JSONObject.get(Object)&amp;quot; because &amp;quot;credentialsJson&amp;quot; is null">
      <![CDATA[java.lang.NullPointerException: Cannot invoke "org.json.simple.JSONObject.get(Object)" because "credentialsJson" is null
at pageEvents.LoginPageEvents.enterCredentials(LoginPageEvents.java:38)
at qaTest.NewTest.SampleMethodForEntringCredential(NewTest.java:27)
at java.base/java.util.ArrayList.forEach(ArrayList.java:1596)
... Removed 25 stack frames]]>
    </failure>
  </testcase> <!-- SampleMethodForEntringCredential -->
</testsuite> <!-- ChromeTest -->
